<?xml version="1.0" encoding="UTF-8"?>
<testng-results skipped="0" failed="1" ignored="0" total="10" passed="9">
  <reporter-output>
  </reporter-output>
  <suite name="Command line suite" duration-ms="121200" started-at="2018-10-19T07:35:53Z" finished-at="2018-10-19T07:37:54Z">
    <groups>
    </groups>
    <test name="Command line test" duration-ms="121200" started-at="2018-10-19T07:35:53Z" finished-at="2018-10-19T07:37:54Z">
      <class name="com.qa.Testcases.LoginPageTest">
        <test-method status="PASS" signature="setUp()[pri:0, instance:com.qa.Testcases.LoginPageTest@15975490]" name="setUp" is-config="true" duration-ms="5898" started-at="2018-10-19T13:06:15Z" finished-at="2018-10-19T13:06:21Z">
          <reporter-output>
          </reporter-output>
        </test-method> <!-- setUp -->
        <test-method status="FAIL" signature="verifyloginpagetitle()[pri:1, instance:com.qa.Testcases.LoginPageTest@15975490]" name="verifyloginpagetitle" duration-ms="9" started-at="2018-10-19T13:06:21Z" finished-at="2018-10-19T13:06:21Z">
          <exception class="java.lang.AssertionError">
            <message>
              <![CDATA[expected [webERP L ogin screen] but found [webERP Login screen]]]>
            </message>
            <full-stacktrace>
              <![CDATA[java.lang.AssertionError: expected [webERP L ogin screen] but found [webERP Login screen]
	at org.testng.Assert.fail(Assert.java:93)
	at org.testng.Assert.failNotEquals(Assert.java:512)
	at org.testng.Assert.assertEqualsImpl(Assert.java:134)
	at org.testng.Assert.assertEquals(Assert.java:115)
	at org.testng.Assert.assertEquals(Assert.java:189)
	at org.testng.Assert.assertEquals(Assert.java:199)
	at com.qa.Testcases.LoginPageTest.verifyloginpagetitle(LoginPageTest.java:40)
	at sun.reflect.NativeMethodAccessorImpl.invoke0(Native Method)
	at sun.reflect.NativeMethodAccessorImpl.invoke(NativeMethodAccessorImpl.java:62)
	at sun.reflect.DelegatingMethodAccessorImpl.invoke(DelegatingMethodAccessorImpl.java:43)
	at java.lang.reflect.Method.invoke(Method.java:498)
	at org.testng.internal.MethodInvocationHelper.invokeMethod(MethodInvocationHelper.java:108)
	at org.testng.internal.Invoker.invokeMethod(Invoker.java:661)
	at org.testng.internal.Invoker.invokeTestMethod(Invoker.java:869)
	at org.testng.internal.Invoker.invokeTestMethods(Invoker.java:1193)
	at org.testng.internal.TestMethodWorker.invokeTestMethods(TestMethodWorker.java:126)
	at org.testng.internal.TestMethodWorker.run(TestMethodWorker.java:109)
	at org.testng.TestRunner.privateRun(TestRunner.java:744)
	at org.testng.TestRunner.run(TestRunner.java:602)
	at org.testng.SuiteRunner.runTest(SuiteRunner.java:380)
	at org.testng.SuiteRunner.runSequentially(SuiteRunner.java:375)
	at org.testng.SuiteRunner.privateRun(SuiteRunner.java:340)
	at org.testng.SuiteRunner.run(SuiteRunner.java:289)
	at org.testng.SuiteRunnerWorker.runSuite(SuiteRunnerWorker.java:52)
	at org.testng.SuiteRunnerWorker.run(SuiteRunnerWorker.java:86)
	at org.testng.TestNG.runSuitesSequentially(TestNG.java:1301)
	at org.testng.TestNG.runSuitesLocally(TestNG.java:1226)
	at org.testng.TestNG.runSuites(TestNG.java:1144)
	at org.testng.TestNG.run(TestNG.java:1115)
	at org.apache.maven.surefire.testng.TestNGExecutor.run(TestNGExecutor.java:77)
	at org.apache.maven.surefire.testng.TestNGDirectoryTestSuite.executeMulti(TestNGDirectoryTestSuite.java:159)
	at org.apache.maven.surefire.testng.TestNGDirectoryTestSuite.execute(TestNGDirectoryTestSuite.java:99)
	at org.apache.maven.surefire.testng.TestNGProvider.invoke(TestNGProvider.java:106)
	at sun.reflect.NativeMethodAccessorImpl.invoke0(Native Method)
	at sun.reflect.NativeMethodAccessorImpl.invoke(NativeMethodAccessorImpl.java:62)
	at sun.reflect.DelegatingMethodAccessorImpl.invoke(DelegatingMethodAccessorImpl.java:43)
	at java.lang.reflect.Method.invoke(Method.java:498)
	at org.apache.maven.surefire.util.ReflectionUtils.invokeMethodWithArray(ReflectionUtils.java:189)
	at org.apache.maven.surefire.booter.ProviderFactory$ProviderProxy.invoke(ProviderFactory.java:165)
	at org.apache.maven.surefire.booter.ProviderFactory.invokeProvider(ProviderFactory.java:85)
	at org.apache.maven.surefire.booter.ForkedBooter.runSuitesInProcess(ForkedBooter.java:115)
	at org.apache.maven.surefire.booter.ForkedBooter.main(ForkedBooter.java:75)
]]>
            </full-stacktrace>
          </exception> <!-- java.lang.AssertionError -->
          <reporter-output>
          </reporter-output>
        </test-method> <!-- verifyloginpagetitle -->
        <test-method status="PASS" signature="teardown()[pri:0, instance:com.qa.Testcases.LoginPageTest@15975490]" name="teardown" is-config="true" duration-ms="825" started-at="2018-10-19T13:06:21Z" finished-at="2018-10-19T13:06:22Z">
          <reporter-output>
          </reporter-output>
        </test-method> <!-- teardown -->
        <test-method status="PASS" signature="setUp()[pri:0, instance:com.qa.Testcases.LoginPageTest@15975490]" name="setUp" is-config="true" duration-ms="6038" started-at="2018-10-19T13:06:32Z" finished-at="2018-10-19T13:06:38Z">
          <reporter-output>
          </reporter-output>
        </test-method> <!-- setUp -->
        <test-method status="PASS" signature="logintest()[pri:2, instance:com.qa.Testcases.LoginPageTest@15975490]" name="logintest" duration-ms="2862" started-at="2018-10-19T13:06:38Z" finished-at="2018-10-19T13:06:41Z">
          <reporter-output>
          </reporter-output>
        </test-method> <!-- logintest -->
        <test-method status="PASS" signature="teardown()[pri:0, instance:com.qa.Testcases.LoginPageTest@15975490]" name="teardown" is-config="true" duration-ms="841" started-at="2018-10-19T13:06:41Z" finished-at="2018-10-19T13:06:42Z">
          <reporter-output>
          </reporter-output>
        </test-method> <!-- teardown -->
      </class> <!-- com.qa.Testcases.LoginPageTest -->
      <class name="com.qa.Testcases.CustomerPageTest">
        <test-method status="PASS" signature="setUp()[pri:0, instance:com.qa.Testcases.CustomerPageTest@90f6bfd]" name="setUp" is-config="true" duration-ms="11512" started-at="2018-10-19T13:05:53Z" finished-at="2018-10-19T13:06:05Z">
          <reporter-output>
          </reporter-output>
        </test-method> <!-- setUp -->
        <test-method status="PASS" signature="verifycustomerpagetitle()[pri:1, instance:com.qa.Testcases.CustomerPageTest@90f6bfd]" name="verifycustomerpagetitle" duration-ms="10" started-at="2018-10-19T13:06:05Z" finished-at="2018-10-19T13:06:05Z">
          <reporter-output>
          </reporter-output>
        </test-method> <!-- verifycustomerpagetitle -->
        <test-method status="PASS" signature="tearDown()[pri:0, instance:com.qa.Testcases.CustomerPageTest@90f6bfd]" name="tearDown" is-config="true" duration-ms="985" started-at="2018-10-19T13:06:05Z" finished-at="2018-10-19T13:06:06Z">
          <reporter-output>
          </reporter-output>
        </test-method> <!-- tearDown -->
      </class> <!-- com.qa.Testcases.CustomerPageTest -->
      <class name="com.qa.Testcases.HomePageTest">
        <test-method status="PASS" signature="setUp()[pri:0, instance:com.qa.Testcases.HomePageTest@47f6473]" name="setUp" is-config="true" duration-ms="8931" started-at="2018-10-19T13:06:06Z" finished-at="2018-10-19T13:06:15Z">
          <reporter-output>
          </reporter-output>
        </test-method> <!-- setUp -->
        <test-method status="PASS" signature="verifyhomepagetitle()[pri:1, instance:com.qa.Testcases.HomePageTest@47f6473]" name="verifyhomepagetitle" duration-ms="8" started-at="2018-10-19T13:06:15Z" finished-at="2018-10-19T13:06:15Z">
          <reporter-output>
          </reporter-output>
        </test-method> <!-- verifyhomepagetitle -->
        <test-method status="PASS" signature="tearDown()[pri:0, instance:com.qa.Testcases.HomePageTest@47f6473]" name="tearDown" is-config="true" duration-ms="816" started-at="2018-10-19T13:06:15Z" finished-at="2018-10-19T13:06:15Z">
          <reporter-output>
          </reporter-output>
        </test-method> <!-- tearDown -->
        <test-method status="PASS" signature="setUp()[pri:0, instance:com.qa.Testcases.HomePageTest@47f6473]" name="setUp" is-config="true" duration-ms="7628" started-at="2018-10-19T13:06:22Z" finished-at="2018-10-19T13:06:30Z">
          <reporter-output>
          </reporter-output>
        </test-method> <!-- setUp -->
        <test-method status="PASS" signature="verifycusterlinktest()[pri:2, instance:com.qa.Testcases.HomePageTest@47f6473]" name="verifycusterlinktest" duration-ms="1156" started-at="2018-10-19T13:06:30Z" finished-at="2018-10-19T13:06:31Z">
          <reporter-output>
          </reporter-output>
        </test-method> <!-- verifycusterlinktest -->
        <test-method status="PASS" signature="tearDown()[pri:0, instance:com.qa.Testcases.HomePageTest@47f6473]" name="tearDown" is-config="true" duration-ms="1062" started-at="2018-10-19T13:06:31Z" finished-at="2018-10-19T13:06:32Z">
          <reporter-output>
          </reporter-output>
        </test-method> <!-- tearDown -->
        <test-method status="PASS" signature="setUp()[pri:0, instance:com.qa.Testcases.HomePageTest@47f6473]" name="setUp" is-config="true" duration-ms="8692" started-at="2018-10-19T13:06:42Z" finished-at="2018-10-19T13:06:50Z">
          <reporter-output>
          </reporter-output>
        </test-method> <!-- setUp -->
        <test-method status="PASS" signature="clicksOnitemslinktest()[pri:3, instance:com.qa.Testcases.HomePageTest@47f6473]" name="clicksOnitemslinktest" duration-ms="2873" started-at="2018-10-19T13:06:50Z" finished-at="2018-10-19T13:06:53Z">
          <reporter-output>
          </reporter-output>
        </test-method> <!-- clicksOnitemslinktest -->
        <test-method status="PASS" signature="tearDown()[pri:0, instance:com.qa.Testcases.HomePageTest@47f6473]" name="tearDown" is-config="true" duration-ms="837" started-at="2018-10-19T13:06:53Z" finished-at="2018-10-19T13:06:54Z">
          <reporter-output>
          </reporter-output>
        </test-method> <!-- tearDown -->
        <test-method status="PASS" signature="setUp()[pri:0, instance:com.qa.Testcases.HomePageTest@47f6473]" name="setUp" is-config="true" duration-ms="9402" started-at="2018-10-19T13:06:54Z" finished-at="2018-10-19T13:07:04Z">
          <reporter-output>
          </reporter-output>
        </test-method> <!-- setUp -->
        <test-method status="PASS" signature="clicksOnmanualtest()[pri:4, instance:com.qa.Testcases.HomePageTest@47f6473]" name="clicksOnmanualtest" duration-ms="122" started-at="2018-10-19T13:07:04Z" finished-at="2018-10-19T13:07:04Z">
          <reporter-output>
          </reporter-output>
        </test-method> <!-- clicksOnmanualtest -->
        <test-method status="PASS" signature="tearDown()[pri:0, instance:com.qa.Testcases.HomePageTest@47f6473]" name="tearDown" is-config="true" duration-ms="892" started-at="2018-10-19T13:07:04Z" finished-at="2018-10-19T13:07:05Z">
          <reporter-output>
          </reporter-output>
        </test-method> <!-- tearDown -->
        <test-method status="PASS" signature="setUp()[pri:0, instance:com.qa.Testcases.HomePageTest@47f6473]" name="setUp" is-config="true" duration-ms="8604" started-at="2018-10-19T13:07:05Z" finished-at="2018-10-19T13:07:13Z">
          <reporter-output>
          </reporter-output>
        </test-method> <!-- setUp -->
        <test-method status="PASS" signature="clicksOnsupplierstest()[pri:5, instance:com.qa.Testcases.HomePageTest@47f6473]" name="clicksOnsupplierstest" duration-ms="1265" started-at="2018-10-19T13:07:13Z" finished-at="2018-10-19T13:07:14Z">
          <reporter-output>
          </reporter-output>
        </test-method> <!-- clicksOnsupplierstest -->
        <test-method status="PASS" signature="tearDown()[pri:0, instance:com.qa.Testcases.HomePageTest@47f6473]" name="tearDown" is-config="true" duration-ms="942" started-at="2018-10-19T13:07:14Z" finished-at="2018-10-19T13:07:15Z">
          <reporter-output>
          </reporter-output>
        </test-method> <!-- tearDown -->
        <test-method status="PASS" signature="setUp()[pri:0, instance:com.qa.Testcases.HomePageTest@47f6473]" name="setUp" is-config="true" duration-ms="12182" started-at="2018-10-19T13:07:15Z" finished-at="2018-10-19T13:07:28Z">
          <reporter-output>
          </reporter-output>
        </test-method> <!-- setUp -->
        <test-method status="PASS" signature="clicksOnlogouttest()[pri:6, instance:com.qa.Testcases.HomePageTest@47f6473]" name="clicksOnlogouttest" duration-ms="15096" started-at="2018-10-19T13:07:28Z" finished-at="2018-10-19T13:07:43Z">
          <reporter-output>
          </reporter-output>
        </test-method> <!-- clicksOnlogouttest -->
        <test-method status="PASS" signature="tearDown()[pri:0, instance:com.qa.Testcases.HomePageTest@47f6473]" name="tearDown" is-config="true" duration-ms="833" started-at="2018-10-19T13:07:43Z" finished-at="2018-10-19T13:07:44Z">
          <reporter-output>
          </reporter-output>
        </test-method> <!-- tearDown -->
        <test-method status="PASS" signature="setUp()[pri:0, instance:com.qa.Testcases.HomePageTest@47f6473]" name="setUp" is-config="true" duration-ms="8709" started-at="2018-10-19T13:07:44Z" finished-at="2018-10-19T13:07:52Z">
          <reporter-output>
          </reporter-output>
        </test-method> <!-- setUp -->
        <test-method status="PASS" signature="clicksOnMainMenulinktest()[pri:7, instance:com.qa.Testcases.HomePageTest@47f6473]" name="clicksOnMainMenulinktest" duration-ms="1296" started-at="2018-10-19T13:07:52Z" finished-at="2018-10-19T13:07:54Z">
          <reporter-output>
          </reporter-output>
        </test-method> <!-- clicksOnMainMenulinktest -->
        <test-method status="PASS" signature="tearDown()[pri:0, instance:com.qa.Testcases.HomePageTest@47f6473]" name="tearDown" is-config="true" duration-ms="841" started-at="2018-10-19T13:07:54Z" finished-at="2018-10-19T13:07:54Z">
          <reporter-output>
          </reporter-output>
        </test-method> <!-- tearDown -->
      </class> <!-- com.qa.Testcases.HomePageTest -->
    </test> <!-- Command line test -->
  </suite> <!-- Command line suite -->
</testng-results>
